2018-03-27 13:15:42.540 [main] INFO  o.s.b.t.context.SpringBootTestContextBootstrapper:	Neither @ContextConfiguration nor @ContextHierarchy found for test class [com.ec.customer.CustomerApplicationTests], using SpringBootContextLoader
2018-03-27 13:15:42.547 [main] INFO  o.s.test.context.support.AbstractContextLoader:	Could not detect default resource locations for test class [com.ec.customer.CustomerApplicationTests]: no resource found for suffixes {-context.xml, Context.groovy}.
2018-03-27 13:15:42.548 [main] INFO  o.s.t.c.support.AnnotationConfigContextLoaderUtils:	Could not detect default configuration classes for test class [com.ec.customer.CustomerApplicationTests]: CustomerApplicationTests does not declare any static, non-private, non-final, nested classes annotated with @Configuration.
2018-03-27 13:15:42.711 [main] INFO  o.s.b.t.context.SpringBootTestContextBootstrapper:	Found @SpringBootConfiguration com.ec.customer.CustomerApplication for test class com.ec.customer.CustomerApplicationTests
2018-03-27 13:15:42.721 [main] INFO  o.s.b.t.context.SpringBootTestContextBootstrapper:	Loaded default TestExecutionListener class names from location [META-INF/spring.factories]: [org.springframework.boot.test.mock.mockito.MockitoTestExecutionListener, org.springframework.boot.test.mock.mockito.ResetMocksTestExecutionListener, org.springframework.boot.test.autoconfigure.restdocs.RestDocsTestExecutionListener, org.springframework.boot.test.autoconfigure.web.client.MockRestServiceServerResetTestExecutionListener, org.springframework.boot.test.autoconfigure.web.servlet.MockMvcPrintOnlyOnFailureTestExecutionListener, org.springframework.boot.test.autoconfigure.web.servlet.WebDriverTestExecutionListener, org.springframework.test.context.web.ServletTestExecutionListener, org.springframework.test.context.support.DirtiesContextBeforeModesTestExecutionListener, org.springframework.test.context.support.DependencyInjectionTestExecutionListener, org.springframework.test.context.support.DirtiesContextTestExecutionListener, org.springframework.test.context.transaction.TransactionalTestExecutionListener, org.springframework.test.context.jdbc.SqlScriptsTestExecutionListener]
2018-03-27 13:15:42.757 [main] INFO  o.s.b.t.context.SpringBootTestContextBootstrapper:	Using TestExecutionListeners: [org.springframework.test.context.web.ServletTestExecutionListener@192d43ce, org.springframework.test.context.support.DirtiesContextBeforeModesTestExecutionListener@72057ecf, org.springframework.boot.test.autoconfigure.SpringBootDependencyInjectionTestExecutionListener@1afd44cb, org.springframework.test.context.support.DirtiesContextTestExecutionListener@6973b51b, org.springframework.test.context.transaction.TransactionalTestExecutionListener@1ab3a8c8, org.springframework.test.context.jdbc.SqlScriptsTestExecutionListener@43195e57, org.springframework.boot.test.autoconfigure.web.client.MockRestServiceServerResetTestExecutionListener@333291e3, org.springframework.boot.test.autoconfigure.web.servlet.MockMvcPrintOnlyOnFailureTestExecutionListener@479d31f3, org.springframework.boot.test.mock.mockito.MockitoTestExecutionListener@40ef3420, org.springframework.boot.test.autoconfigure.restdocs.RestDocsTestExecutionListener@498d318c, org.springframework.boot.test.autoconfigure.web.servlet.WebDriverTestExecutionListener@6e171cd7, org.springframework.boot.test.mock.mockito.ResetMocksTestExecutionListener@402bba4f]
2018-03-27 13:15:42.761 [main] INFO  o.s.b.t.context.SpringBootTestContextBootstrapper:	Neither @ContextConfiguration nor @ContextHierarchy found for test class [com.ec.customer.CustomerApplicationTests], using SpringBootContextLoader
2018-03-27 13:15:42.762 [main] INFO  o.s.test.context.support.AbstractContextLoader:	Could not detect default resource locations for test class [com.ec.customer.CustomerApplicationTests]: no resource found for suffixes {-context.xml, Context.groovy}.
2018-03-27 13:15:42.763 [main] INFO  o.s.t.c.support.AnnotationConfigContextLoaderUtils:	Could not detect default configuration classes for test class [com.ec.customer.CustomerApplicationTests]: CustomerApplicationTests does not declare any static, non-private, non-final, nested classes annotated with @Configuration.
2018-03-27 13:15:42.766 [main] INFO  o.s.b.t.context.SpringBootTestContextBootstrapper:	Found @SpringBootConfiguration com.ec.customer.CustomerApplication for test class com.ec.customer.CustomerApplicationTests
2018-03-27 13:15:42.770 [main] INFO  o.s.b.t.context.SpringBootTestContextBootstrapper:	Loaded default TestExecutionListener class names from location [META-INF/spring.factories]: [org.springframework.boot.test.mock.mockito.MockitoTestExecutionListener, org.springframework.boot.test.mock.mockito.ResetMocksTestExecutionListener, org.springframework.boot.test.autoconfigure.restdocs.RestDocsTestExecutionListener, org.springframework.boot.test.autoconfigure.web.client.MockRestServiceServerResetTestExecutionListener, org.springframework.boot.test.autoconfigure.web.servlet.MockMvcPrintOnlyOnFailureTestExecutionListener, org.springframework.boot.test.autoconfigure.web.servlet.WebDriverTestExecutionListener, org.springframework.test.context.web.ServletTestExecutionListener, org.springframework.test.context.support.DirtiesContextBeforeModesTestExecutionListener, org.springframework.test.context.support.DependencyInjectionTestExecutionListener, org.springframework.test.context.support.DirtiesContextTestExecutionListener, org.springframework.test.context.transaction.TransactionalTestExecutionListener, org.springframework.test.context.jdbc.SqlScriptsTestExecutionListener]
2018-03-27 13:15:42.772 [main] INFO  o.s.b.t.context.SpringBootTestContextBootstrapper:	Using TestExecutionListeners: [org.springframework.test.context.web.ServletTestExecutionListener@7e07db1f, org.springframework.test.context.support.DirtiesContextBeforeModesTestExecutionListener@1189dd52, org.springframework.boot.test.autoconfigure.SpringBootDependencyInjectionTestExecutionListener@36bc55de, org.springframework.test.context.support.DirtiesContextTestExecutionListener@564fabc8, org.springframework.test.context.transaction.TransactionalTestExecutionListener@16d04d3d, org.springframework.test.context.jdbc.SqlScriptsTestExecutionListener@49ec71f8, org.springframework.boot.test.autoconfigure.web.client.MockRestServiceServerResetTestExecutionListener@1d2adfbe, org.springframework.boot.test.autoconfigure.web.servlet.MockMvcPrintOnlyOnFailureTestExecutionListener@36902638, org.springframework.boot.test.mock.mockito.MockitoTestExecutionListener@223d2c72, org.springframework.boot.test.autoconfigure.restdocs.RestDocsTestExecutionListener@8f4ea7c, org.springframework.boot.test.autoconfigure.web.servlet.WebDriverTestExecutionListener@436813f3, org.springframework.boot.test.mock.mockito.ResetMocksTestExecutionListener@74fe5c40]
2018-03-27 13:15:43.175 [main] INFO  com.ec.customer.CustomerApplicationTests:	Starting CustomerApplicationTests on winall-PC with PID 11900 (started by winall in D:\MY\customer)
2018-03-27 13:15:43.175 [main] INFO  com.ec.customer.CustomerApplicationTests:	No active profile set, falling back to default profiles: default
2018-03-27 13:15:44.455 [main] INFO  com.ec.common.service.QueueService:	Initializing ExecutorService:orders-queue
2018-03-27 13:15:44.457 [main] INFO  com.ec.common.service.QueueService:	Initializing Thread:orders-queue-1,Priority:10
2018-03-27 13:15:45.206 [main] INFO  com.ec.common.service.QueueService:	Initializing ExecutorService:vistors-queue
2018-03-27 13:15:45.207 [main] INFO  com.ec.common.service.QueueService:	Initializing Thread:vistors-queue-1,Priority:10
2018-03-27 13:15:45.896 [main] INFO  com.ec.customer.CustomerApplicationTests:	Started CustomerApplicationTests in 3.002 seconds (JVM running for 4.018)
2018-03-27 13:15:45.949 [Thread-8] INFO  com.ec.common.service.QueueService:	Destroy ExecutorService:vistors-queue
2018-03-27 13:15:45.950 [Thread-8] INFO  com.ec.common.service.QueueService:	Destroy ExecutorService:orders-queue
2018-03-27 13:20:24.360 [main] INFO  o.s.b.t.context.SpringBootTestContextBootstrapper:	Neither @ContextConfiguration nor @ContextHierarchy found for test class [com.ec.customer.CustomerApplicationTests], using SpringBootContextLoader
2018-03-27 13:20:24.365 [main] INFO  o.s.test.context.support.AbstractContextLoader:	Could not detect default resource locations for test class [com.ec.customer.CustomerApplicationTests]: no resource found for suffixes {-context.xml, Context.groovy}.
2018-03-27 13:20:24.366 [main] INFO  o.s.t.c.support.AnnotationConfigContextLoaderUtils:	Could not detect default configuration classes for test class [com.ec.customer.CustomerApplicationTests]: CustomerApplicationTests does not declare any static, non-private, non-final, nested classes annotated with @Configuration.
2018-03-27 13:20:24.465 [main] INFO  o.s.b.t.context.SpringBootTestContextBootstrapper:	Found @SpringBootConfiguration com.ec.customer.CustomerApplication for test class com.ec.customer.CustomerApplicationTests
2018-03-27 13:20:24.471 [main] INFO  o.s.b.t.context.SpringBootTestContextBootstrapper:	Loaded default TestExecutionListener class names from location [META-INF/spring.factories]: [org.springframework.boot.test.mock.mockito.MockitoTestExecutionListener, org.springframework.boot.test.mock.mockito.ResetMocksTestExecutionListener, org.springframework.boot.test.autoconfigure.restdocs.RestDocsTestExecutionListener, org.springframework.boot.test.autoconfigure.web.client.MockRestServiceServerResetTestExecutionListener, org.springframework.boot.test.autoconfigure.web.servlet.MockMvcPrintOnlyOnFailureTestExecutionListener, org.springframework.boot.test.autoconfigure.web.servlet.WebDriverTestExecutionListener, org.springframework.test.context.web.ServletTestExecutionListener, org.springframework.test.context.support.DirtiesContextBeforeModesTestExecutionListener, org.springframework.test.context.support.DependencyInjectionTestExecutionListener, org.springframework.test.context.support.DirtiesContextTestExecutionListener, org.springframework.test.context.transaction.TransactionalTestExecutionListener, org.springframework.test.context.jdbc.SqlScriptsTestExecutionListener]
2018-03-27 13:20:24.485 [main] INFO  o.s.b.t.context.SpringBootTestContextBootstrapper:	Using TestExecutionListeners: [org.springframework.test.context.web.ServletTestExecutionListener@1ab3a8c8, org.springframework.test.context.support.DirtiesContextBeforeModesTestExecutionListener@43195e57, org.springframework.boot.test.autoconfigure.SpringBootDependencyInjectionTestExecutionListener@333291e3, org.springframework.test.context.support.DirtiesContextTestExecutionListener@479d31f3, org.springframework.test.context.transaction.TransactionalTestExecutionListener@40ef3420, org.springframework.test.context.jdbc.SqlScriptsTestExecutionListener@498d318c, org.springframework.boot.test.mock.mockito.ResetMocksTestExecutionListener@6e171cd7, org.springframework.boot.test.autoconfigure.web.client.MockRestServiceServerResetTestExecutionListener@402bba4f, org.springframework.boot.test.autoconfigure.restdocs.RestDocsTestExecutionListener@795cd85e, org.springframework.boot.test.autoconfigure.web.servlet.MockMvcPrintOnlyOnFailureTestExecutionListener@59fd97a8, org.springframework.boot.test.mock.mockito.MockitoTestExecutionListener@f5ac9e4, org.springframework.boot.test.autoconfigure.web.servlet.WebDriverTestExecutionListener@123ef382]
2018-03-27 13:20:24.489 [main] INFO  o.s.b.t.context.SpringBootTestContextBootstrapper:	Neither @ContextConfiguration nor @ContextHierarchy found for test class [com.ec.customer.CustomerApplicationTests], using SpringBootContextLoader
2018-03-27 13:20:24.489 [main] INFO  o.s.test.context.support.AbstractContextLoader:	Could not detect default resource locations for test class [com.ec.customer.CustomerApplicationTests]: no resource found for suffixes {-context.xml, Context.groovy}.
2018-03-27 13:20:24.490 [main] INFO  o.s.t.c.support.AnnotationConfigContextLoaderUtils:	Could not detect default configuration classes for test class [com.ec.customer.CustomerApplicationTests]: CustomerApplicationTests does not declare any static, non-private, non-final, nested classes annotated with @Configuration.
2018-03-27 13:20:24.494 [main] INFO  o.s.b.t.context.SpringBootTestContextBootstrapper:	Found @SpringBootConfiguration com.ec.customer.CustomerApplication for test class com.ec.customer.CustomerApplicationTests
2018-03-27 13:20:24.498 [main] INFO  o.s.b.t.context.SpringBootTestContextBootstrapper:	Loaded default TestExecutionListener class names from location [META-INF/spring.factories]: [org.springframework.boot.test.mock.mockito.MockitoTestExecutionListener, org.springframework.boot.test.mock.mockito.ResetMocksTestExecutionListener, org.springframework.boot.test.autoconfigure.restdocs.RestDocsTestExecutionListener, org.springframework.boot.test.autoconfigure.web.client.MockRestServiceServerResetTestExecutionListener, org.springframework.boot.test.autoconfigure.web.servlet.MockMvcPrintOnlyOnFailureTestExecutionListener, org.springframework.boot.test.autoconfigure.web.servlet.WebDriverTestExecutionListener, org.springframework.test.context.web.ServletTestExecutionListener, org.springframework.test.context.support.DirtiesContextBeforeModesTestExecutionListener, org.springframework.test.context.support.DependencyInjectionTestExecutionListener, org.springframework.test.context.support.DirtiesContextTestExecutionListener, org.springframework.test.context.transaction.TransactionalTestExecutionListener, org.springframework.test.context.jdbc.SqlScriptsTestExecutionListener]
2018-03-27 13:20:24.501 [main] INFO  o.s.b.t.context.SpringBootTestContextBootstrapper:	Using TestExecutionListeners: [org.springframework.test.context.web.ServletTestExecutionListener@16d04d3d, org.springframework.test.context.support.DirtiesContextBeforeModesTestExecutionListener@49ec71f8, org.springframework.boot.test.autoconfigure.SpringBootDependencyInjectionTestExecutionListener@1d2adfbe, org.springframework.test.context.support.DirtiesContextTestExecutionListener@36902638, org.springframework.test.context.transaction.TransactionalTestExecutionListener@223d2c72, org.springframework.test.context.jdbc.SqlScriptsTestExecutionListener@8f4ea7c, org.springframework.boot.test.mock.mockito.ResetMocksTestExecutionListener@436813f3, org.springframework.boot.test.autoconfigure.web.client.MockRestServiceServerResetTestExecutionListener@74fe5c40, org.springframework.boot.test.autoconfigure.restdocs.RestDocsTestExecutionListener@3febb011, org.springframework.boot.test.autoconfigure.web.servlet.MockMvcPrintOnlyOnFailureTestExecutionListener@10e31a9a, org.springframework.boot.test.mock.mockito.MockitoTestExecutionListener@131774fe, org.springframework.boot.test.autoconfigure.web.servlet.WebDriverTestExecutionListener@158d2680]
2018-03-27 13:20:24.768 [main] INFO  com.ec.customer.CustomerApplicationTests:	Starting CustomerApplicationTests on winall-PC with PID 8528 (started by winall in D:\MY\customer)
2018-03-27 13:20:24.769 [main] INFO  com.ec.customer.CustomerApplicationTests:	No active profile set, falling back to default profiles: default
2018-03-27 13:20:25.883 [main] INFO  com.ec.common.service.QueueService:	Initializing ExecutorService:orders-queue
2018-03-27 13:20:25.884 [main] INFO  com.ec.common.service.QueueService:	Initializing Thread:orders-queue-1,Priority:10
2018-03-27 13:20:26.376 [main] INFO  com.ec.common.service.QueueService:	Initializing ExecutorService:vistors-queue
2018-03-27 13:20:26.376 [main] INFO  com.ec.common.service.QueueService:	Initializing Thread:vistors-queue-1,Priority:10
2018-03-27 13:20:27.016 [main] INFO  com.ec.customer.CustomerApplicationTests:	Started CustomerApplicationTests in 2.458 seconds (JVM running for 3.102)
2018-03-27 13:20:27.066 [Thread-8] INFO  com.ec.common.service.QueueService:	Destroy ExecutorService:vistors-queue
2018-03-27 13:20:27.066 [Thread-8] INFO  com.ec.common.service.QueueService:	Destroy ExecutorService:orders-queue
2018-03-27 13:28:24.710 [main] INFO  o.s.b.t.context.SpringBootTestContextBootstrapper:	Neither @ContextConfiguration nor @ContextHierarchy found for test class [com.ec.customer.CustomerApplicationTests], using SpringBootContextLoader
2018-03-27 13:28:24.715 [main] INFO  o.s.test.context.support.AbstractContextLoader:	Could not detect default resource locations for test class [com.ec.customer.CustomerApplicationTests]: no resource found for suffixes {-context.xml, Context.groovy}.
2018-03-27 13:28:24.715 [main] INFO  o.s.t.c.support.AnnotationConfigContextLoaderUtils:	Could not detect default configuration classes for test class [com.ec.customer.CustomerApplicationTests]: CustomerApplicationTests does not declare any static, non-private, non-final, nested classes annotated with @Configuration.
2018-03-27 13:28:24.806 [main] INFO  o.s.b.t.context.SpringBootTestContextBootstrapper:	Found @SpringBootConfiguration com.ec.customer.CustomerApplication for test class com.ec.customer.CustomerApplicationTests
2018-03-27 13:28:24.814 [main] INFO  o.s.b.t.context.SpringBootTestContextBootstrapper:	Loaded default TestExecutionListener class names from location [META-INF/spring.factories]: [org.springframework.boot.test.mock.mockito.MockitoTestExecutionListener, org.springframework.boot.test.mock.mockito.ResetMocksTestExecutionListener, org.springframework.boot.test.autoconfigure.restdocs.RestDocsTestExecutionListener, org.springframework.boot.test.autoconfigure.web.client.MockRestServiceServerResetTestExecutionListener, org.springframework.boot.test.autoconfigure.web.servlet.MockMvcPrintOnlyOnFailureTestExecutionListener, org.springframework.boot.test.autoconfigure.web.servlet.WebDriverTestExecutionListener, org.springframework.test.context.web.ServletTestExecutionListener, org.springframework.test.context.support.DirtiesContextBeforeModesTestExecutionListener, org.springframework.test.context.support.DependencyInjectionTestExecutionListener, org.springframework.test.context.support.DirtiesContextTestExecutionListener, org.springframework.test.context.transaction.TransactionalTestExecutionListener, org.springframework.test.context.jdbc.SqlScriptsTestExecutionListener]
2018-03-27 13:28:24.827 [main] INFO  o.s.b.t.context.SpringBootTestContextBootstrapper:	Using TestExecutionListeners: [org.springframework.test.context.web.ServletTestExecutionListener@1ab3a8c8, org.springframework.test.context.support.DirtiesContextBeforeModesTestExecutionListener@43195e57, org.springframework.boot.test.autoconfigure.SpringBootDependencyInjectionTestExecutionListener@333291e3, org.springframework.test.context.support.DirtiesContextTestExecutionListener@479d31f3, org.springframework.test.context.transaction.TransactionalTestExecutionListener@40ef3420, org.springframework.test.context.jdbc.SqlScriptsTestExecutionListener@498d318c, org.springframework.boot.test.mock.mockito.ResetMocksTestExecutionListener@6e171cd7, org.springframework.boot.test.autoconfigure.web.client.MockRestServiceServerResetTestExecutionListener@402bba4f, org.springframework.boot.test.autoconfigure.restdocs.RestDocsTestExecutionListener@795cd85e, org.springframework.boot.test.autoconfigure.web.servlet.MockMvcPrintOnlyOnFailureTestExecutionListener@59fd97a8, org.springframework.boot.test.mock.mockito.MockitoTestExecutionListener@f5ac9e4, org.springframework.boot.test.autoconfigure.web.servlet.WebDriverTestExecutionListener@123ef382]
2018-03-27 13:28:24.831 [main] INFO  o.s.b.t.context.SpringBootTestContextBootstrapper:	Neither @ContextConfiguration nor @ContextHierarchy found for test class [com.ec.customer.CustomerApplicationTests], using SpringBootContextLoader
2018-03-27 13:28:24.832 [main] INFO  o.s.test.context.support.AbstractContextLoader:	Could not detect default resource locations for test class [com.ec.customer.CustomerApplicationTests]: no resource found for suffixes {-context.xml, Context.groovy}.
2018-03-27 13:28:24.832 [main] INFO  o.s.t.c.support.AnnotationConfigContextLoaderUtils:	Could not detect default configuration classes for test class [com.ec.customer.CustomerApplicationTests]: CustomerApplicationTests does not declare any static, non-private, non-final, nested classes annotated with @Configuration.
2018-03-27 13:28:24.836 [main] INFO  o.s.b.t.context.SpringBootTestContextBootstrapper:	Found @SpringBootConfiguration com.ec.customer.CustomerApplication for test class com.ec.customer.CustomerApplicationTests
2018-03-27 13:28:24.840 [main] INFO  o.s.b.t.context.SpringBootTestContextBootstrapper:	Loaded default TestExecutionListener class names from location [META-INF/spring.factories]: [org.springframework.boot.test.mock.mockito.MockitoTestExecutionListener, org.springframework.boot.test.mock.mockito.ResetMocksTestExecutionListener, org.springframework.boot.test.autoconfigure.restdocs.RestDocsTestExecutionListener, org.springframework.boot.test.autoconfigure.web.client.MockRestServiceServerResetTestExecutionListener, org.springframework.boot.test.autoconfigure.web.servlet.MockMvcPrintOnlyOnFailureTestExecutionListener, org.springframework.boot.test.autoconfigure.web.servlet.WebDriverTestExecutionListener, org.springframework.test.context.web.ServletTestExecutionListener, org.springframework.test.context.support.DirtiesContextBeforeModesTestExecutionListener, org.springframework.test.context.support.DependencyInjectionTestExecutionListener, org.springframework.test.context.support.DirtiesContextTestExecutionListener, org.springframework.test.context.transaction.TransactionalTestExecutionListener, org.springframework.test.context.jdbc.SqlScriptsTestExecutionListener]
2018-03-27 13:28:24.842 [main] INFO  o.s.b.t.context.SpringBootTestContextBootstrapper:	Using TestExecutionListeners: [org.springframework.test.context.web.ServletTestExecutionListener@16d04d3d, org.springframework.test.context.support.DirtiesContextBeforeModesTestExecutionListener@49ec71f8, org.springframework.boot.test.autoconfigure.SpringBootDependencyInjectionTestExecutionListener@1d2adfbe, org.springframework.test.context.support.DirtiesContextTestExecutionListener@36902638, org.springframework.test.context.transaction.TransactionalTestExecutionListener@223d2c72, org.springframework.test.context.jdbc.SqlScriptsTestExecutionListener@8f4ea7c, org.springframework.boot.test.mock.mockito.ResetMocksTestExecutionListener@436813f3, org.springframework.boot.test.autoconfigure.web.client.MockRestServiceServerResetTestExecutionListener@74fe5c40, org.springframework.boot.test.autoconfigure.restdocs.RestDocsTestExecutionListener@3febb011, org.springframework.boot.test.autoconfigure.web.servlet.MockMvcPrintOnlyOnFailureTestExecutionListener@10e31a9a, org.springframework.boot.test.mock.mockito.MockitoTestExecutionListener@131774fe, org.springframework.boot.test.autoconfigure.web.servlet.WebDriverTestExecutionListener@158d2680]
2018-03-27 13:28:25.097 [main] INFO  com.ec.customer.CustomerApplicationTests:	Starting CustomerApplicationTests on winall-PC with PID 11092 (started by winall in D:\MY\customer)
2018-03-27 13:28:25.097 [main] INFO  com.ec.customer.CustomerApplicationTests:	No active profile set, falling back to default profiles: default
2018-03-27 13:28:26.215 [main] INFO  com.ec.common.service.QueueService:	Initializing ExecutorService:orders-queue
2018-03-27 13:28:26.217 [main] INFO  com.ec.common.service.QueueService:	Initializing Thread:orders-queue-1,Priority:10
2018-03-27 13:28:26.777 [main] INFO  com.ec.common.service.QueueService:	Initializing ExecutorService:vistors-queue
2018-03-27 13:28:26.777 [main] INFO  com.ec.common.service.QueueService:	Initializing Thread:vistors-queue-1,Priority:10
2018-03-27 13:28:27.413 [main] INFO  com.ec.customer.CustomerApplicationTests:	Started CustomerApplicationTests in 2.512 seconds (JVM running for 3.151)
2018-03-27 13:28:27.450 [Thread-8] INFO  com.ec.common.service.QueueService:	Destroy ExecutorService:vistors-queue
2018-03-27 13:28:27.451 [Thread-8] INFO  com.ec.common.service.QueueService:	Destroy ExecutorService:orders-queue
2018-03-27 13:29:38.629 [main] INFO  o.s.b.t.context.SpringBootTestContextBootstrapper:	Neither @ContextConfiguration nor @ContextHierarchy found for test class [com.ec.customer.CustomerApplicationTests], using SpringBootContextLoader
2018-03-27 13:29:38.633 [main] INFO  o.s.test.context.support.AbstractContextLoader:	Could not detect default resource locations for test class [com.ec.customer.CustomerApplicationTests]: no resource found for suffixes {-context.xml, Context.groovy}.
2018-03-27 13:29:38.634 [main] INFO  o.s.t.c.support.AnnotationConfigContextLoaderUtils:	Could not detect default configuration classes for test class [com.ec.customer.CustomerApplicationTests]: CustomerApplicationTests does not declare any static, non-private, non-final, nested classes annotated with @Configuration.
2018-03-27 13:29:38.717 [main] INFO  o.s.b.t.context.SpringBootTestContextBootstrapper:	Found @SpringBootConfiguration com.ec.customer.CustomerApplication for test class com.ec.customer.CustomerApplicationTests
2018-03-27 13:29:38.723 [main] INFO  o.s.b.t.context.SpringBootTestContextBootstrapper:	Loaded default TestExecutionListener class names from location [META-INF/spring.factories]: [org.springframework.boot.test.mock.mockito.MockitoTestExecutionListener, org.springframework.boot.test.mock.mockito.ResetMocksTestExecutionListener, org.springframework.boot.test.autoconfigure.restdocs.RestDocsTestExecutionListener, org.springframework.boot.test.autoconfigure.web.client.MockRestServiceServerResetTestExecutionListener, org.springframework.boot.test.autoconfigure.web.servlet.MockMvcPrintOnlyOnFailureTestExecutionListener, org.springframework.boot.test.autoconfigure.web.servlet.WebDriverTestExecutionListener, org.springframework.test.context.web.ServletTestExecutionListener, org.springframework.test.context.support.DirtiesContextBeforeModesTestExecutionListener, org.springframework.test.context.support.DependencyInjectionTestExecutionListener, org.springframework.test.context.support.DirtiesContextTestExecutionListener, org.springframework.test.context.transaction.TransactionalTestExecutionListener, org.springframework.test.context.jdbc.SqlScriptsTestExecutionListener]
2018-03-27 13:29:38.740 [main] INFO  o.s.b.t.context.SpringBootTestContextBootstrapper:	Using TestExecutionListeners: [org.springframework.test.context.web.ServletTestExecutionListener@1afd44cb, org.springframework.test.context.support.DirtiesContextBeforeModesTestExecutionListener@6973b51b, org.springframework.boot.test.autoconfigure.SpringBootDependencyInjectionTestExecutionListener@1ab3a8c8, org.springframework.test.context.support.DirtiesContextTestExecutionListener@43195e57, org.springframework.test.context.transaction.TransactionalTestExecutionListener@333291e3, org.springframework.test.context.jdbc.SqlScriptsTestExecutionListener@479d31f3, org.springframework.boot.test.autoconfigure.web.client.MockRestServiceServerResetTestExecutionListener@40ef3420, org.springframework.boot.test.autoconfigure.web.servlet.MockMvcPrintOnlyOnFailureTestExecutionListener@498d318c, org.springframework.boot.test.autoconfigure.web.servlet.WebDriverTestExecutionListener@6e171cd7, org.springframework.boot.test.autoconfigure.restdocs.RestDocsTestExecutionListener@402bba4f, org.springframework.boot.test.mock.mockito.MockitoTestExecutionListener@795cd85e, org.springframework.boot.test.mock.mockito.ResetMocksTestExecutionListener@59fd97a8]
2018-03-27 13:29:38.744 [main] INFO  o.s.b.t.context.SpringBootTestContextBootstrapper:	Neither @ContextConfiguration nor @ContextHierarchy found for test class [com.ec.customer.CustomerApplicationTests], using SpringBootContextLoader
2018-03-27 13:29:38.744 [main] INFO  o.s.test.context.support.AbstractContextLoader:	Could not detect default resource locations for test class [com.ec.customer.CustomerApplicationTests]: no resource found for suffixes {-context.xml, Context.groovy}.
2018-03-27 13:29:38.744 [main] INFO  o.s.t.c.support.AnnotationConfigContextLoaderUtils:	Could not detect default configuration classes for test class [com.ec.customer.CustomerApplicationTests]: CustomerApplicationTests does not declare any static, non-private, non-final, nested classes annotated with @Configuration.
2018-03-27 13:29:38.749 [main] INFO  o.s.b.t.context.SpringBootTestContextBootstrapper:	Found @SpringBootConfiguration com.ec.customer.CustomerApplication for test class com.ec.customer.CustomerApplicationTests
2018-03-27 13:29:38.753 [main] INFO  o.s.b.t.context.SpringBootTestContextBootstrapper:	Loaded default TestExecutionListener class names from location [META-INF/spring.factories]: [org.springframework.boot.test.mock.mockito.MockitoTestExecutionListener, org.springframework.boot.test.mock.mockito.ResetMocksTestExecutionListener, org.springframework.boot.test.autoconfigure.restdocs.RestDocsTestExecutionListener, org.springframework.boot.test.autoconfigure.web.client.MockRestServiceServerResetTestExecutionListener, org.springframework.boot.test.autoconfigure.web.servlet.MockMvcPrintOnlyOnFailureTestExecutionListener, org.springframework.boot.test.autoconfigure.web.servlet.WebDriverTestExecutionListener, org.springframework.test.context.web.ServletTestExecutionListener, org.springframework.test.context.support.DirtiesContextBeforeModesTestExecutionListener, org.springframework.test.context.support.DependencyInjectionTestExecutionListener, org.springframework.test.context.support.DirtiesContextTestExecutionListener, org.springframework.test.context.transaction.TransactionalTestExecutionListener, org.springframework.test.context.jdbc.SqlScriptsTestExecutionListener]
2018-03-27 13:29:38.755 [main] INFO  o.s.b.t.context.SpringBootTestContextBootstrapper:	Using TestExecutionListeners: [org.springframework.test.context.web.ServletTestExecutionListener@36bc55de, org.springframework.test.context.support.DirtiesContextBeforeModesTestExecutionListener@564fabc8, org.springframework.boot.test.autoconfigure.SpringBootDependencyInjectionTestExecutionListener@16d04d3d, org.springframework.test.context.support.DirtiesContextTestExecutionListener@49ec71f8, org.springframework.test.context.transaction.TransactionalTestExecutionListener@1d2adfbe, org.springframework.test.context.jdbc.SqlScriptsTestExecutionListener@36902638, org.springframework.boot.test.autoconfigure.web.client.MockRestServiceServerResetTestExecutionListener@223d2c72, org.springframework.boot.test.autoconfigure.web.servlet.MockMvcPrintOnlyOnFailureTestExecutionListener@8f4ea7c, org.springframework.boot.test.autoconfigure.web.servlet.WebDriverTestExecutionListener@436813f3, org.springframework.boot.test.autoconfigure.restdocs.RestDocsTestExecutionListener@74fe5c40, org.springframework.boot.test.mock.mockito.MockitoTestExecutionListener@3febb011, org.springframework.boot.test.mock.mockito.ResetMocksTestExecutionListener@10e31a9a]
2018-03-27 13:29:39.016 [main] INFO  com.ec.customer.CustomerApplicationTests:	Starting CustomerApplicationTests on winall-PC with PID 10692 (started by winall in D:\MY\customer)
2018-03-27 13:29:39.016 [main] INFO  com.ec.customer.CustomerApplicationTests:	No active profile set, falling back to default profiles: default
2018-03-27 13:29:40.099 [main] INFO  com.ec.common.service.QueueService:	Initializing ExecutorService:orders-queue
2018-03-27 13:29:40.100 [main] INFO  com.ec.common.service.QueueService:	Initializing Thread:orders-queue-1,Priority:10
2018-03-27 13:29:40.619 [main] INFO  com.ec.common.service.QueueService:	Initializing ExecutorService:vistors-queue
2018-03-27 13:29:40.619 [main] INFO  com.ec.common.service.QueueService:	Initializing Thread:vistors-queue-1,Priority:10
2018-03-27 13:29:41.228 [main] INFO  com.ec.customer.CustomerApplicationTests:	Started CustomerApplicationTests in 2.417 seconds (JVM running for 3.021)
2018-03-27 13:29:41.272 [Thread-8] INFO  com.ec.common.service.QueueService:	Destroy ExecutorService:vistors-queue
2018-03-27 13:29:41.273 [Thread-8] INFO  com.ec.common.service.QueueService:	Destroy ExecutorService:orders-queue
2018-03-27 13:30:22.253 [main] INFO  o.s.b.t.context.SpringBootTestContextBootstrapper:	Neither @ContextConfiguration nor @ContextHierarchy found for test class [com.ec.customer.CustomerApplicationTests], using SpringBootContextLoader
2018-03-27 13:30:22.258 [main] INFO  o.s.test.context.support.AbstractContextLoader:	Could not detect default resource locations for test class [com.ec.customer.CustomerApplicationTests]: no resource found for suffixes {-context.xml, Context.groovy}.
2018-03-27 13:30:22.259 [main] INFO  o.s.t.c.support.AnnotationConfigContextLoaderUtils:	Could not detect default configuration classes for test class [com.ec.customer.CustomerApplicationTests]: CustomerApplicationTests does not declare any static, non-private, non-final, nested classes annotated with @Configuration.
2018-03-27 13:30:22.345 [main] INFO  o.s.b.t.context.SpringBootTestContextBootstrapper:	Found @SpringBootConfiguration com.ec.customer.CustomerApplication for test class com.ec.customer.CustomerApplicationTests
2018-03-27 13:30:22.352 [main] INFO  o.s.b.t.context.SpringBootTestContextBootstrapper:	Loaded default TestExecutionListener class names from location [META-INF/spring.factories]: [org.springframework.boot.test.mock.mockito.MockitoTestExecutionListener, org.springframework.boot.test.mock.mockito.ResetMocksTestExecutionListener, org.springframework.boot.test.autoconfigure.restdocs.RestDocsTestExecutionListener, org.springframework.boot.test.autoconfigure.web.client.MockRestServiceServerResetTestExecutionListener, org.springframework.boot.test.autoconfigure.web.servlet.MockMvcPrintOnlyOnFailureTestExecutionListener, org.springframework.boot.test.autoconfigure.web.servlet.WebDriverTestExecutionListener, org.springframework.test.context.web.ServletTestExecutionListener, org.springframework.test.context.support.DirtiesContextBeforeModesTestExecutionListener, org.springframework.test.context.support.DependencyInjectionTestExecutionListener, org.springframework.test.context.support.DirtiesContextTestExecutionListener, org.springframework.test.context.transaction.TransactionalTestExecutionListener, org.springframework.test.context.jdbc.SqlScriptsTestExecutionListener]
2018-03-27 13:30:22.365 [main] INFO  o.s.b.t.context.SpringBootTestContextBootstrapper:	Using TestExecutionListeners: [org.springframework.test.context.web.ServletTestExecutionListener@1afd44cb, org.springframework.test.context.support.DirtiesContextBeforeModesTestExecutionListener@6973b51b, org.springframework.boot.test.autoconfigure.SpringBootDependencyInjectionTestExecutionListener@1ab3a8c8, org.springframework.test.context.support.DirtiesContextTestExecutionListener@43195e57, org.springframework.test.context.transaction.TransactionalTestExecutionListener@333291e3, org.springframework.test.context.jdbc.SqlScriptsTestExecutionListener@479d31f3, org.springframework.boot.test.autoconfigure.web.client.MockRestServiceServerResetTestExecutionListener@40ef3420, org.springframework.boot.test.autoconfigure.web.servlet.MockMvcPrintOnlyOnFailureTestExecutionListener@498d318c, org.springframework.boot.test.autoconfigure.web.servlet.WebDriverTestExecutionListener@6e171cd7, org.springframework.boot.test.autoconfigure.restdocs.RestDocsTestExecutionListener@402bba4f, org.springframework.boot.test.mock.mockito.MockitoTestExecutionListener@795cd85e, org.springframework.boot.test.mock.mockito.ResetMocksTestExecutionListener@59fd97a8]
2018-03-27 13:30:22.369 [main] INFO  o.s.b.t.context.SpringBootTestContextBootstrapper:	Neither @ContextConfiguration nor @ContextHierarchy found for test class [com.ec.customer.CustomerApplicationTests], using SpringBootContextLoader
2018-03-27 13:30:22.370 [main] INFO  o.s.test.context.support.AbstractContextLoader:	Could not detect default resource locations for test class [com.ec.customer.CustomerApplicationTests]: no resource found for suffixes {-context.xml, Context.groovy}.
2018-03-27 13:30:22.370 [main] INFO  o.s.t.c.support.AnnotationConfigContextLoaderUtils:	Could not detect default configuration classes for test class [com.ec.customer.CustomerApplicationTests]: CustomerApplicationTests does not declare any static, non-private, non-final, nested classes annotated with @Configuration.
2018-03-27 13:30:22.374 [main] INFO  o.s.b.t.context.SpringBootTestContextBootstrapper:	Found @SpringBootConfiguration com.ec.customer.CustomerApplication for test class com.ec.customer.CustomerApplicationTests
2018-03-27 13:30:22.377 [main] INFO  o.s.b.t.context.SpringBootTestContextBootstrapper:	Loaded default TestExecutionListener class names from location [META-INF/spring.factories]: [org.springframework.boot.test.mock.mockito.MockitoTestExecutionListener, org.springframework.boot.test.mock.mockito.ResetMocksTestExecutionListener, org.springframework.boot.test.autoconfigure.restdocs.RestDocsTestExecutionListener, org.springframework.boot.test.autoconfigure.web.client.MockRestServiceServerResetTestExecutionListener, org.springframework.boot.test.autoconfigure.web.servlet.MockMvcPrintOnlyOnFailureTestExecutionListener, org.springframework.boot.test.autoconfigure.web.servlet.WebDriverTestExecutionListener, org.springframework.test.context.web.ServletTestExecutionListener, org.springframework.test.context.support.DirtiesContextBeforeModesTestExecutionListener, org.springframework.test.context.support.DependencyInjectionTestExecutionListener, org.springframework.test.context.support.DirtiesContextTestExecutionListener, org.springframework.test.context.transaction.TransactionalTestExecutionListener, org.springframework.test.context.jdbc.SqlScriptsTestExecutionListener]
2018-03-27 13:30:22.379 [main] INFO  o.s.b.t.context.SpringBootTestContextBootstrapper:	Using TestExecutionListeners: [org.springframework.test.context.web.ServletTestExecutionListener@36bc55de, org.springframework.test.context.support.DirtiesContextBeforeModesTestExecutionListener@564fabc8, org.springframework.boot.test.autoconfigure.SpringBootDependencyInjectionTestExecutionListener@16d04d3d, org.springframework.test.context.support.DirtiesContextTestExecutionListener@49ec71f8, org.springframework.test.context.transaction.TransactionalTestExecutionListener@1d2adfbe, org.springframework.test.context.jdbc.SqlScriptsTestExecutionListener@36902638, org.springframework.boot.test.autoconfigure.web.client.MockRestServiceServerResetTestExecutionListener@223d2c72, org.springframework.boot.test.autoconfigure.web.servlet.MockMvcPrintOnlyOnFailureTestExecutionListener@8f4ea7c, org.springframework.boot.test.autoconfigure.web.servlet.WebDriverTestExecutionListener@436813f3, org.springframework.boot.test.autoconfigure.restdocs.RestDocsTestExecutionListener@74fe5c40, org.springframework.boot.test.mock.mockito.MockitoTestExecutionListener@3febb011, org.springframework.boot.test.mock.mockito.ResetMocksTestExecutionListener@10e31a9a]
2018-03-27 13:30:22.649 [main] INFO  com.ec.customer.CustomerApplicationTests:	Starting CustomerApplicationTests on winall-PC with PID 6888 (started by winall in D:\MY\customer)
2018-03-27 13:30:22.651 [main] INFO  com.ec.customer.CustomerApplicationTests:	No active profile set, falling back to default profiles: default
2018-03-27 13:30:23.741 [main] INFO  com.ec.common.service.QueueService:	Initializing ExecutorService:orders-queue
2018-03-27 13:30:23.743 [main] INFO  com.ec.common.service.QueueService:	Initializing Thread:orders-queue-1,Priority:10
2018-03-27 13:30:24.220 [main] INFO  com.ec.common.service.QueueService:	Initializing ExecutorService:vistors-queue
2018-03-27 13:30:24.221 [main] INFO  com.ec.common.service.QueueService:	Initializing Thread:vistors-queue-1,Priority:10
2018-03-27 13:30:24.878 [main] INFO  com.ec.customer.CustomerApplicationTests:	Started CustomerApplicationTests in 2.444 seconds (JVM running for 3.044)
2018-03-27 13:30:24.922 [Thread-8] INFO  com.ec.common.service.QueueService:	Destroy ExecutorService:vistors-queue
2018-03-27 13:30:24.923 [Thread-8] INFO  com.ec.common.service.QueueService:	Destroy ExecutorService:orders-queue
2018-03-27 15:52:48.233 [main] INFO  o.s.b.t.context.SpringBootTestContextBootstrapper:	Neither @ContextConfiguration nor @ContextHierarchy found for test class [com.ec.customer.CustomerApplicationTests], using SpringBootContextLoader
2018-03-27 15:52:48.238 [main] INFO  o.s.test.context.support.AbstractContextLoader:	Could not detect default resource locations for test class [com.ec.customer.CustomerApplicationTests]: no resource found for suffixes {-context.xml, Context.groovy}.
2018-03-27 15:52:48.238 [main] INFO  o.s.t.c.support.AnnotationConfigContextLoaderUtils:	Could not detect default configuration classes for test class [com.ec.customer.CustomerApplicationTests]: CustomerApplicationTests does not declare any static, non-private, non-final, nested classes annotated with @Configuration.
2018-03-27 15:52:48.331 [main] INFO  o.s.b.t.context.SpringBootTestContextBootstrapper:	Found @SpringBootConfiguration com.ec.customer.CustomerApplication for test class com.ec.customer.CustomerApplicationTests
2018-03-27 15:52:48.337 [main] INFO  o.s.b.t.context.SpringBootTestContextBootstrapper:	Loaded default TestExecutionListener class names from location [META-INF/spring.factories]: [org.springframework.boot.test.mock.mockito.MockitoTestExecutionListener, org.springframework.boot.test.mock.mockito.ResetMocksTestExecutionListener, org.springframework.boot.test.autoconfigure.restdocs.RestDocsTestExecutionListener, org.springframework.boot.test.autoconfigure.web.client.MockRestServiceServerResetTestExecutionListener, org.springframework.boot.test.autoconfigure.web.servlet.MockMvcPrintOnlyOnFailureTestExecutionListener, org.springframework.boot.test.autoconfigure.web.servlet.WebDriverTestExecutionListener, org.springframework.test.context.web.ServletTestExecutionListener, org.springframework.test.context.support.DirtiesContextBeforeModesTestExecutionListener, org.springframework.test.context.support.DependencyInjectionTestExecutionListener, org.springframework.test.context.support.DirtiesContextTestExecutionListener, org.springframework.test.context.transaction.TransactionalTestExecutionListener, org.springframework.test.context.jdbc.SqlScriptsTestExecutionListener]
2018-03-27 15:52:48.350 [main] INFO  o.s.b.t.context.SpringBootTestContextBootstrapper:	Using TestExecutionListeners: [org.springframework.test.context.web.ServletTestExecutionListener@1ab3a8c8, org.springframework.test.context.support.DirtiesContextBeforeModesTestExecutionListener@43195e57, org.springframework.boot.test.autoconfigure.SpringBootDependencyInjectionTestExecutionListener@333291e3, org.springframework.test.context.support.DirtiesContextTestExecutionListener@479d31f3, org.springframework.test.context.transaction.TransactionalTestExecutionListener@40ef3420, org.springframework.test.context.jdbc.SqlScriptsTestExecutionListener@498d318c, org.springframework.boot.test.mock.mockito.ResetMocksTestExecutionListener@6e171cd7, org.springframework.boot.test.autoconfigure.web.client.MockRestServiceServerResetTestExecutionListener@402bba4f, org.springframework.boot.test.autoconfigure.restdocs.RestDocsTestExecutionListener@795cd85e, org.springframework.boot.test.autoconfigure.web.servlet.MockMvcPrintOnlyOnFailureTestExecutionListener@59fd97a8, org.springframework.boot.test.mock.mockito.MockitoTestExecutionListener@f5ac9e4, org.springframework.boot.test.autoconfigure.web.servlet.WebDriverTestExecutionListener@123ef382]
2018-03-27 15:52:48.355 [main] INFO  o.s.b.t.context.SpringBootTestContextBootstrapper:	Neither @ContextConfiguration nor @ContextHierarchy found for test class [com.ec.customer.CustomerApplicationTests], using SpringBootContextLoader
2018-03-27 15:52:48.356 [main] INFO  o.s.test.context.support.AbstractContextLoader:	Could not detect default resource locations for test class [com.ec.customer.CustomerApplicationTests]: no resource found for suffixes {-context.xml, Context.groovy}.
2018-03-27 15:52:48.356 [main] INFO  o.s.t.c.support.AnnotationConfigContextLoaderUtils:	Could not detect default configuration classes for test class [com.ec.customer.CustomerApplicationTests]: CustomerApplicationTests does not declare any static, non-private, non-final, nested classes annotated with @Configuration.
2018-03-27 15:52:48.360 [main] INFO  o.s.b.t.context.SpringBootTestContextBootstrapper:	Found @SpringBootConfiguration com.ec.customer.CustomerApplication for test class com.ec.customer.CustomerApplicationTests
2018-03-27 15:52:48.365 [main] INFO  o.s.b.t.context.SpringBootTestContextBootstrapper:	Loaded default TestExecutionListener class names from location [META-INF/spring.factories]: [org.springframework.boot.test.mock.mockito.MockitoTestExecutionListener, org.springframework.boot.test.mock.mockito.ResetMocksTestExecutionListener, org.springframework.boot.test.autoconfigure.restdocs.RestDocsTestExecutionListener, org.springframework.boot.test.autoconfigure.web.client.MockRestServiceServerResetTestExecutionListener, org.springframework.boot.test.autoconfigure.web.servlet.MockMvcPrintOnlyOnFailureTestExecutionListener, org.springframework.boot.test.autoconfigure.web.servlet.WebDriverTestExecutionListener, org.springframework.test.context.web.ServletTestExecutionListener, org.springframework.test.context.support.DirtiesContextBeforeModesTestExecutionListener, org.springframework.test.context.support.DependencyInjectionTestExecutionListener, org.springframework.test.context.support.DirtiesContextTestExecutionListener, org.springframework.test.context.transaction.TransactionalTestExecutionListener, org.springframework.test.context.jdbc.SqlScriptsTestExecutionListener]
2018-03-27 15:52:48.367 [main] INFO  o.s.b.t.context.SpringBootTestContextBootstrapper:	Using TestExecutionListeners: [org.springframework.test.context.web.ServletTestExecutionListener@16d04d3d, org.springframework.test.context.support.DirtiesContextBeforeModesTestExecutionListener@49ec71f8, org.springframework.boot.test.autoconfigure.SpringBootDependencyInjectionTestExecutionListener@1d2adfbe, org.springframework.test.context.support.DirtiesContextTestExecutionListener@36902638, org.springframework.test.context.transaction.TransactionalTestExecutionListener@223d2c72, org.springframework.test.context.jdbc.SqlScriptsTestExecutionListener@8f4ea7c, org.springframework.boot.test.mock.mockito.ResetMocksTestExecutionListener@436813f3, org.springframework.boot.test.autoconfigure.web.client.MockRestServiceServerResetTestExecutionListener@74fe5c40, org.springframework.boot.test.autoconfigure.restdocs.RestDocsTestExecutionListener@3febb011, org.springframework.boot.test.autoconfigure.web.servlet.MockMvcPrintOnlyOnFailureTestExecutionListener@10e31a9a, org.springframework.boot.test.mock.mockito.MockitoTestExecutionListener@131774fe, org.springframework.boot.test.autoconfigure.web.servlet.WebDriverTestExecutionListener@158d2680]
2018-03-27 15:52:48.628 [main] INFO  com.ec.customer.CustomerApplicationTests:	Starting CustomerApplicationTests on winall-PC with PID 8172 (started by winall in D:\MY\customer)
2018-03-27 15:52:48.629 [main] INFO  com.ec.customer.CustomerApplicationTests:	No active profile set, falling back to default profiles: default
2018-03-27 15:52:49.811 [main] INFO  com.ec.common.service.QueueService:	Initializing ExecutorService:orders-queue
2018-03-27 15:52:49.812 [main] INFO  com.ec.common.service.QueueService:	Initializing Thread:orders-queue-1,Priority:10
2018-03-27 15:52:50.304 [main] INFO  com.ec.customer.controller.OrderController:	Initializing Thread:Orders Insert Task,Priority:5
2018-03-27 15:52:50.308 [Orders Insert Task] INFO  com.ec.customer.controller.OrderController:	Check orders:0
2018-03-27 15:52:50.315 [main] INFO  com.ec.common.service.QueueService:	Initializing ExecutorService:vistors-queue
2018-03-27 15:52:50.315 [main] INFO  com.ec.common.service.QueueService:	Initializing Thread:vistors-queue-1,Priority:10
2018-03-27 15:52:50.936 [main] INFO  com.ec.customer.CustomerApplicationTests:	Started CustomerApplicationTests in 2.512 seconds (JVM running for 3.141)
2018-03-27 15:52:50.978 [Thread-8] INFO  com.ec.common.service.QueueService:	Destroy ExecutorService:vistors-queue
2018-03-27 15:52:50.978 [Thread-8] INFO  com.ec.customer.controller.OrderController:	Destroy ExecutorService:Orders Insert Task
2018-03-27 15:52:50.978 [Thread-8] INFO  com.ec.common.service.QueueService:	Destroy ExecutorService:orders-queue
2018-03-27 15:55:24.020 [main] INFO  o.s.b.t.context.SpringBootTestContextBootstrapper:	Neither @ContextConfiguration nor @ContextHierarchy found for test class [com.ec.customer.CustomerApplicationTests], using SpringBootContextLoader
2018-03-27 15:55:24.025 [main] INFO  o.s.test.context.support.AbstractContextLoader:	Could not detect default resource locations for test class [com.ec.customer.CustomerApplicationTests]: no resource found for suffixes {-context.xml, Context.groovy}.
2018-03-27 15:55:24.026 [main] INFO  o.s.t.c.support.AnnotationConfigContextLoaderUtils:	Could not detect default configuration classes for test class [com.ec.customer.CustomerApplicationTests]: CustomerApplicationTests does not declare any static, non-private, non-final, nested classes annotated with @Configuration.
2018-03-27 15:55:24.117 [main] INFO  o.s.b.t.context.SpringBootTestContextBootstrapper:	Found @SpringBootConfiguration com.ec.customer.CustomerApplication for test class com.ec.customer.CustomerApplicationTests
2018-03-27 15:55:24.123 [main] INFO  o.s.b.t.context.SpringBootTestContextBootstrapper:	Loaded default TestExecutionListener class names from location [META-INF/spring.factories]: [org.springframework.boot.test.mock.mockito.MockitoTestExecutionListener, org.springframework.boot.test.mock.mockito.ResetMocksTestExecutionListener, org.springframework.boot.test.autoconfigure.restdocs.RestDocsTestExecutionListener, org.springframework.boot.test.autoconfigure.web.client.MockRestServiceServerResetTestExecutionListener, org.springframework.boot.test.autoconfigure.web.servlet.MockMvcPrintOnlyOnFailureTestExecutionListener, org.springframework.boot.test.autoconfigure.web.servlet.WebDriverTestExecutionListener, org.springframework.test.context.web.ServletTestExecutionListener, org.springframework.test.context.support.DirtiesContextBeforeModesTestExecutionListener, org.springframework.test.context.support.DependencyInjectionTestExecutionListener, org.springframework.test.context.support.DirtiesContextTestExecutionListener, org.springframework.test.context.transaction.TransactionalTestExecutionListener, org.springframework.test.context.jdbc.SqlScriptsTestExecutionListener]
2018-03-27 15:55:24.139 [main] INFO  o.s.b.t.context.SpringBootTestContextBootstrapper:	Using TestExecutionListeners: [org.springframework.test.context.web.ServletTestExecutionListener@1ab3a8c8, org.springframework.test.context.support.DirtiesContextBeforeModesTestExecutionListener@43195e57, org.springframework.boot.test.autoconfigure.SpringBootDependencyInjectionTestExecutionListener@333291e3, org.springframework.test.context.support.DirtiesContextTestExecutionListener@479d31f3, org.springframework.test.context.transaction.TransactionalTestExecutionListener@40ef3420, org.springframework.test.context.jdbc.SqlScriptsTestExecutionListener@498d318c, org.springframework.boot.test.mock.mockito.ResetMocksTestExecutionListener@6e171cd7, org.springframework.boot.test.autoconfigure.web.client.MockRestServiceServerResetTestExecutionListener@402bba4f, org.springframework.boot.test.autoconfigure.restdocs.RestDocsTestExecutionListener@795cd85e, org.springframework.boot.test.autoconfigure.web.servlet.MockMvcPrintOnlyOnFailureTestExecutionListener@59fd97a8, org.springframework.boot.test.mock.mockito.MockitoTestExecutionListener@f5ac9e4, org.springframework.boot.test.autoconfigure.web.servlet.WebDriverTestExecutionListener@123ef382]
2018-03-27 15:55:24.149 [main] INFO  o.s.b.t.context.SpringBootTestContextBootstrapper:	Neither @ContextConfiguration nor @ContextHierarchy found for test class [com.ec.customer.CustomerApplicationTests], using SpringBootContextLoader
2018-03-27 15:55:24.153 [main] INFO  o.s.test.context.support.AbstractContextLoader:	Could not detect default resource locations for test class [com.ec.customer.CustomerApplicationTests]: no resource found for suffixes {-context.xml, Context.groovy}.
2018-03-27 15:55:24.154 [main] INFO  o.s.t.c.support.AnnotationConfigContextLoaderUtils:	Could not detect default configuration classes for test class [com.ec.customer.CustomerApplicationTests]: CustomerApplicationTests does not declare any static, non-private, non-final, nested classes annotated with @Configuration.
2018-03-27 15:55:24.166 [main] INFO  o.s.b.t.context.SpringBootTestContextBootstrapper:	Found @SpringBootConfiguration com.ec.customer.CustomerApplication for test class com.ec.customer.CustomerApplicationTests
2018-03-27 15:55:24.170 [main] INFO  o.s.b.t.context.SpringBootTestContextBootstrapper:	Loaded default TestExecutionListener class names from location [META-INF/spring.factories]: [org.springframework.boot.test.mock.mockito.MockitoTestExecutionListener, org.springframework.boot.test.mock.mockito.ResetMocksTestExecutionListener, org.springframework.boot.test.autoconfigure.restdocs.RestDocsTestExecutionListener, org.springframework.boot.test.autoconfigure.web.client.MockRestServiceServerResetTestExecutionListener, org.springframework.boot.test.autoconfigure.web.servlet.MockMvcPrintOnlyOnFailureTestExecutionListener, org.springframework.boot.test.autoconfigure.web.servlet.WebDriverTestExecutionListener, org.springframework.test.context.web.ServletTestExecutionListener, org.springframework.test.context.support.DirtiesContextBeforeModesTestExecutionListener, org.springframework.test.context.support.DependencyInjectionTestExecutionListener, org.springframework.test.context.support.DirtiesContextTestExecutionListener, org.springframework.test.context.transaction.TransactionalTestExecutionListener, org.springframework.test.context.jdbc.SqlScriptsTestExecutionListener]
2018-03-27 15:55:24.172 [main] INFO  o.s.b.t.context.SpringBootTestContextBootstrapper:	Using TestExecutionListeners: [org.springframework.test.context.web.ServletTestExecutionListener@16d04d3d, org.springframework.test.context.support.DirtiesContextBeforeModesTestExecutionListener@49ec71f8, org.springframework.boot.test.autoconfigure.SpringBootDependencyInjectionTestExecutionListener@1d2adfbe, org.springframework.test.context.support.DirtiesContextTestExecutionListener@36902638, org.springframework.test.context.transaction.TransactionalTestExecutionListener@223d2c72, org.springframework.test.context.jdbc.SqlScriptsTestExecutionListener@8f4ea7c, org.springframework.boot.test.mock.mockito.ResetMocksTestExecutionListener@436813f3, org.springframework.boot.test.autoconfigure.web.client.MockRestServiceServerResetTestExecutionListener@74fe5c40, org.springframework.boot.test.autoconfigure.restdocs.RestDocsTestExecutionListener@3febb011, org.springframework.boot.test.autoconfigure.web.servlet.MockMvcPrintOnlyOnFailureTestExecutionListener@10e31a9a, org.springframework.boot.test.mock.mockito.MockitoTestExecutionListener@131774fe, org.springframework.boot.test.autoconfigure.web.servlet.WebDriverTestExecutionListener@158d2680]
2018-03-27 15:55:24.461 [main] INFO  com.ec.customer.CustomerApplicationTests:	Starting CustomerApplicationTests on winall-PC with PID 7344 (started by winall in D:\MY\customer)
2018-03-27 15:55:24.461 [main] INFO  com.ec.customer.CustomerApplicationTests:	No active profile set, falling back to default profiles: default
2018-03-27 15:55:26.033 [main] INFO  com.ec.customer.controller.OrderController:	Initializing Thread:Orders Insert Task,Priority:5
2018-03-27 15:55:26.033 [Orders Insert Task] INFO  com.ec.customer.controller.OrderController:	Check orders:0
2018-03-27 15:55:26.711 [main] INFO  com.ec.customer.CustomerApplicationTests:	Started CustomerApplicationTests in 2.468 seconds (JVM running for 3.165)
2018-03-27 15:57:54.108 [main] INFO  com.ec.customer.CustomerApplication:	Starting CustomerApplication on winall-PC with PID 10428 (D:\MY\customer\target\classes started by winall in D:\MY\customer)
2018-03-27 15:57:54.111 [main] INFO  com.ec.customer.CustomerApplication:	No active profile set, falling back to default profiles: default
2018-03-27 15:57:56.720 [main] INFO  com.ec.customer.controller.OrderController:	Initializing Thread:orders-insert-task,Priority:5
2018-03-27 15:57:56.722 [orders-insert-task] INFO  com.ec.customer.controller.OrderController:	Check orders:0
2018-03-27 15:57:57.388 [main] INFO  com.ec.customer.CustomerApplication:	Started CustomerApplication in 3.576 seconds (JVM running for 4.085)
2018-03-27 15:59:07.823 [main] INFO  com.ec.customer.CustomerApplication:	Starting CustomerApplication on winall-PC with PID 3196 (D:\MY\customer\target\classes started by winall in D:\MY\customer)
2018-03-27 15:59:07.825 [main] INFO  com.ec.customer.CustomerApplication:	No active profile set, falling back to default profiles: default
2018-03-27 15:59:10.084 [main] INFO  com.ec.customer.controller.OrderController:	Initializing Thread:orders-insert-task,Priority:5
2018-03-27 15:59:10.093 [orders-insert-task] INFO  com.ec.customer.controller.OrderController:	Check orders:0
2018-03-27 15:59:10.746 [main] INFO  com.ec.customer.CustomerApplication:	Started CustomerApplication in 3.127 seconds (JVM running for 3.559)
2018-03-27 16:00:24.003 [main] INFO  com.ec.customer.CustomerApplication:	Starting CustomerApplication on winall-PC with PID 10076 (D:\MY\customer\target\classes started by winall in D:\MY\customer)
2018-03-27 16:00:24.005 [main] INFO  com.ec.customer.CustomerApplication:	No active profile set, falling back to default profiles: default
2018-03-27 16:00:26.029 [main] INFO  com.ec.customer.controller.OrderController:	Initializing Thread:orders-insert-task,Priority:5
2018-03-27 16:00:26.029 [orders-insert-task] INFO  com.ec.customer.controller.OrderController:	Check orders:0
2018-03-27 16:00:26.567 [main] INFO  com.ec.customer.CustomerApplication:	Started CustomerApplication in 2.782 seconds (JVM running for 3.194)
2018-03-27 16:00:37.229 [orders-insert-task] WARN  com.ec.customer.service.impl.OrdersServiceImpl:	Mail to:2832320830@qq.com,1463379913@qq.com
2018-03-27 16:00:37.230 [orders-insert-task] ERROR com.ec.customer.controller.OrderController:	
### Error updating database.  Cause: com.mysql.jdbc.exceptions.jdbc4.MySQLSyntaxErrorException: You have an error in your SQL syntax; check the manual that corresponds to your MySQL server version for the right syntax to use near '' at line 10
### The error may involve com.ec.customer.dao.OrdersMapper.insertByList-Inline
### The error occurred while setting parameters
### SQL: insert into orders (            id, type, custom_name, custom_mobile, custom_email, custom_wechat, custom_qq, custom_content,      custom_type, custom_from, custom_visit_url, product_id, product_type, product_branch,      product_material, product_prices, deliver_province, deliver_city, deliver_county,      deliver_adderss, deliver_time, deliver_status, deliver_express, deliver_express_id,      createby, createtime, createdate, createip, updateby, updatetime, updateip, status,      browser_type, browser_name, browser_os, rate_unit, rate_val    )     values
### Cause: com.mysql.jdbc.exceptions.jdbc4.MySQLSyntaxErrorException: You have an error in your SQL syntax; check the manual that corresponds to your MySQL server version for the right syntax to use near '' at line 10
; bad SQL grammar []; nested exception is com.mysql.jdbc.exceptions.jdbc4.MySQLSyntaxErrorException: You have an error in your SQL syntax; check the manual that corresponds to your MySQL server version for the right syntax to use near '' at line 10
org.springframework.jdbc.BadSqlGrammarException: 
### Error updating database.  Cause: com.mysql.jdbc.exceptions.jdbc4.MySQLSyntaxErrorException: You have an error in your SQL syntax; check the manual that corresponds to your MySQL server version for the right syntax to use near '' at line 10
### The error may involve com.ec.customer.dao.OrdersMapper.insertByList-Inline
### The error occurred while setting parameters
### SQL: insert into orders (            id, type, custom_name, custom_mobile, custom_email, custom_wechat, custom_qq, custom_content,      custom_type, custom_from, custom_visit_url, product_id, product_type, product_branch,      product_material, product_prices, deliver_province, deliver_city, deliver_county,      deliver_adderss, deliver_time, deliver_status, deliver_express, deliver_express_id,      createby, createtime, createdate, createip, updateby, updatetime, updateip, status,      browser_type, browser_name, browser_os, rate_unit, rate_val    )     values
### Cause: com.mysql.jdbc.exceptions.jdbc4.MySQLSyntaxErrorException: You have an error in your SQL syntax; check the manual that corresponds to your MySQL server version for the right syntax to use near '' at line 10
; bad SQL grammar []; nested exception is com.mysql.jdbc.exceptions.jdbc4.MySQLSyntaxErrorException: You have an error in your SQL syntax; check the manual that corresponds to your MySQL server version for the right syntax to use near '' at line 10
	at org.springframework.jdbc.support.SQLErrorCodeSQLExceptionTranslator.doTranslate(SQLErrorCodeSQLExceptionTranslator.java:231)
	at org.springframework.jdbc.support.AbstractFallbackSQLExceptionTranslator.translate(AbstractFallbackSQLExceptionTranslator.java:73)
	at org.mybatis.spring.MyBatisExceptionTranslator.translateExceptionIfPossible(MyBatisExceptionTranslator.java:73)
	at org.mybatis.spring.SqlSessionTemplate$SqlSessionInterceptor.invoke(SqlSessionTemplate.java:446)
	at com.sun.proxy.$Proxy63.insert(Unknown Source)
	at org.mybatis.spring.SqlSessionTemplate.insert(SqlSessionTemplate.java:278)
	at org.apache.ibatis.binding.MapperMethod.execute(MapperMethod.java:57)
	at org.apache.ibatis.binding.MapperProxy.invoke(MapperProxy.java:59)
	at com.sun.proxy.$Proxy64.insertByList(Unknown Source)
	at com.ec.customer.service.impl.OrdersServiceImpl.insert(OrdersServiceImpl.java:117)
	at com.ec.customer.controller.OrderController$OrdersInsertTask.run(OrderController.java:160)
	at java.util.concurrent.ThreadPoolExecutor.runWorker(ThreadPoolExecutor.java:1142)
	at java.util.concurrent.ThreadPoolExecutor$Worker.run(ThreadPoolExecutor.java:617)
	at java.lang.Thread.run(Thread.java:745)
Caused by: com.mysql.jdbc.exceptions.jdbc4.MySQLSyntaxErrorException: You have an error in your SQL syntax; check the manual that corresponds to your MySQL server version for the right syntax to use near '' at line 10
	at sun.reflect.NativeConstructorAccessorImpl.newInstance0(Native Method)
	at sun.reflect.NativeConstructorAccessorImpl.newInstance(NativeConstructorAccessorImpl.java:62)
	at sun.reflect.DelegatingConstructorAccessorImpl.newInstance(DelegatingConstructorAccessorImpl.java:45)
	at java.lang.reflect.Constructor.newInstance(Constructor.java:423)
	at com.mysql.jdbc.Util.handleNewInstance(Util.java:425)
	at com.mysql.jdbc.Util.getInstance(Util.java:408)
	at com.mysql.jdbc.SQLError.createSQLException(SQLError.java:943)
	at com.mysql.jdbc.MysqlIO.checkErrorPacket(MysqlIO.java:3973)
	at com.mysql.jdbc.MysqlIO.checkErrorPacket(MysqlIO.java:3909)
	at com.mysql.jdbc.MysqlIO.sendCommand(MysqlIO.java:2527)
	at com.mysql.jdbc.MysqlIO.sqlQueryDirect(MysqlIO.java:2680)
	at com.mysql.jdbc.ConnectionImpl.execSQL(ConnectionImpl.java:2487)
	at com.mysql.jdbc.PreparedStatement.executeInternal(PreparedStatement.java:1858)
	at com.mysql.jdbc.PreparedStatement.execute(PreparedStatement.java:1197)
	at sun.reflect.NativeMethodAccessorImpl.invoke0(Native Method)
	at sun.reflect.NativeMethodAccessorImpl.invoke(NativeMethodAccessorImpl.java:62)
	at sun.reflect.DelegatingMethodAccessorImpl.invoke(DelegatingMethodAccessorImpl.java:43)
	at java.lang.reflect.Method.invoke(Method.java:498)
	at org.apache.tomcat.jdbc.pool.StatementFacade$StatementProxy.invoke(StatementFacade.java:114)
	at com.sun.proxy.$Proxy75.execute(Unknown Source)
	at org.apache.ibatis.executor.statement.PreparedStatementHandler.update(PreparedStatementHandler.java:46)
	at org.apache.ibatis.executor.statement.RoutingStatementHandler.update(RoutingStatementHandler.java:74)
	at org.apache.ibatis.executor.SimpleExecutor.doUpdate(SimpleExecutor.java:50)
	at org.apache.ibatis.executor.BaseExecutor.update(BaseExecutor.java:117)
	at org.apache.ibatis.executor.CachingExecutor.update(CachingExecutor.java:76)
	at org.apache.ibatis.session.defaults.DefaultSqlSession.update(DefaultSqlSession.java:198)
	at org.apache.ibatis.session.defaults.DefaultSqlSession.insert(DefaultSqlSession.java:185)
	at sun.reflect.NativeMethodAccessorImpl.invoke0(Native Method)
	at sun.reflect.NativeMethodAccessorImpl.invoke(NativeMethodAccessorImpl.java:62)
	at sun.reflect.DelegatingMethodAccessorImpl.invoke(DelegatingMethodAccessorImpl.java:43)
	at java.lang.reflect.Method.invoke(Method.java:498)
	at org.mybatis.spring.SqlSessionTemplate$SqlSessionInterceptor.invoke(SqlSessionTemplate.java:433)
	... 10 common frames omitted
2018-03-27 16:03:08.481 [main] INFO  com.ec.customer.CustomerApplication:	Starting CustomerApplication on winall-PC with PID 6288 (D:\MY\customer\target\classes started by winall in D:\MY\customer)
2018-03-27 16:03:08.483 [main] INFO  com.ec.customer.CustomerApplication:	No active profile set, falling back to default profiles: default
2018-03-27 16:03:10.560 [main] INFO  com.ec.customer.controller.OrderController:	Initializing Thread:orders-insert-task,Priority:5
2018-03-27 16:03:10.561 [orders-insert-task] INFO  com.ec.customer.controller.OrderController:	Check orders:0
2018-03-27 16:03:11.104 [main] INFO  com.ec.customer.CustomerApplication:	Started CustomerApplication in 2.844 seconds (JVM running for 3.25)
2018-03-27 16:03:11.561 [orders-insert-task] INFO  com.ec.customer.controller.OrderController:	Check orders:0
2018-03-27 16:03:12.562 [orders-insert-task] INFO  com.ec.customer.controller.OrderController:	Check orders:0
2018-03-27 16:03:13.562 [orders-insert-task] INFO  com.ec.customer.controller.OrderController:	Check orders:0
2018-03-27 16:03:14.562 [orders-insert-task] INFO  com.ec.customer.controller.OrderController:	Check orders:0
2018-03-27 16:03:15.562 [orders-insert-task] INFO  com.ec.customer.controller.OrderController:	Check orders:0
2018-03-27 16:03:16.562 [orders-insert-task] INFO  com.ec.customer.controller.OrderController:	Check orders:0
2018-03-27 16:03:17.562 [orders-insert-task] INFO  com.ec.customer.controller.OrderController:	Check orders:0
2018-03-27 16:03:18.562 [orders-insert-task] INFO  com.ec.customer.controller.OrderController:	Check orders:0
2018-03-27 16:03:19.562 [orders-insert-task] INFO  com.ec.customer.controller.OrderController:	Check orders:0
2018-03-27 16:03:20.562 [orders-insert-task] INFO  com.ec.customer.controller.OrderController:	Check orders:0
2018-03-27 16:03:21.562 [orders-insert-task] INFO  com.ec.customer.controller.OrderController:	Check orders:0
2018-03-27 16:03:22.562 [orders-insert-task] INFO  com.ec.customer.controller.OrderController:	Check orders:0
2018-03-27 16:03:23.562 [orders-insert-task] INFO  com.ec.customer.controller.OrderController:	Check orders:0
2018-03-27 16:03:24.562 [orders-insert-task] INFO  com.ec.customer.controller.OrderController:	Check orders:0
2018-03-27 16:03:25.563 [orders-insert-task] INFO  com.ec.customer.controller.OrderController:	Check orders:0
2018-03-27 16:03:26.563 [orders-insert-task] INFO  com.ec.customer.controller.OrderController:	Check orders:0
2018-03-27 16:03:27.563 [orders-insert-task] INFO  com.ec.customer.controller.OrderController:	Check orders:0
2018-03-27 16:03:28.563 [orders-insert-task] INFO  com.ec.customer.controller.OrderController:	Check orders:0
2018-03-27 16:03:29.563 [orders-insert-task] INFO  com.ec.customer.controller.OrderController:	Check orders:0
2018-03-27 16:03:30.563 [orders-insert-task] INFO  com.ec.customer.controller.OrderController:	Check orders:0
2018-03-27 16:03:31.563 [orders-insert-task] INFO  com.ec.customer.controller.OrderController:	Check orders:0
2018-03-27 16:03:32.563 [orders-insert-task] INFO  com.ec.customer.controller.OrderController:	Check orders:0
2018-03-27 16:03:33.563 [orders-insert-task] INFO  com.ec.customer.controller.OrderController:	Check orders:0
2018-03-27 16:03:34.563 [orders-insert-task] INFO  com.ec.customer.controller.OrderController:	Check orders:0
2018-03-27 16:03:35.563 [orders-insert-task] INFO  com.ec.customer.controller.OrderController:	Check orders:0
2018-03-27 16:03:36.563 [orders-insert-task] INFO  com.ec.customer.controller.OrderController:	Check orders:0
2018-03-27 16:03:37.563 [orders-insert-task] INFO  com.ec.customer.controller.OrderController:	Check orders:0
2018-03-27 16:03:38.563 [orders-insert-task] INFO  com.ec.customer.controller.OrderController:	Check orders:0
2018-03-27 16:03:39.563 [orders-insert-task] INFO  com.ec.customer.controller.OrderController:	Check orders:0
2018-03-27 16:03:40.563 [orders-insert-task] INFO  com.ec.customer.controller.OrderController:	Check orders:0
2018-03-27 16:03:41.563 [orders-insert-task] INFO  com.ec.customer.controller.OrderController:	Check orders:0
2018-03-27 16:03:42.563 [orders-insert-task] INFO  com.ec.customer.controller.OrderController:	Check orders:0
2018-03-27 16:03:43.563 [orders-insert-task] INFO  com.ec.customer.controller.OrderController:	Check orders:0
2018-03-27 16:03:44.563 [orders-insert-task] INFO  com.ec.customer.controller.OrderController:	Check orders:0
2018-03-27 16:03:45.563 [orders-insert-task] INFO  com.ec.customer.controller.OrderController:	Check orders:0
2018-03-27 16:03:46.563 [orders-insert-task] INFO  com.ec.customer.controller.OrderController:	Check orders:0
2018-03-27 16:03:47.563 [orders-insert-task] INFO  com.ec.customer.controller.OrderController:	Check orders:0
2018-03-27 16:03:48.563 [orders-insert-task] INFO  com.ec.customer.controller.OrderController:	Check orders:0
2018-03-27 16:03:49.563 [orders-insert-task] INFO  com.ec.customer.controller.OrderController:	Check orders:0
2018-03-27 16:03:50.563 [orders-insert-task] INFO  com.ec.customer.controller.OrderController:	Check orders:0
2018-03-27 16:04:09.954 [main] INFO  o.s.b.t.context.SpringBootTestContextBootstrapper:	Neither @ContextConfiguration nor @ContextHierarchy found for test class [com.ec.customer.CustomerApplicationTests], using SpringBootContextLoader
2018-03-27 16:04:09.959 [main] INFO  o.s.test.context.support.AbstractContextLoader:	Could not detect default resource locations for test class [com.ec.customer.CustomerApplicationTests]: no resource found for suffixes {-context.xml, Context.groovy}.
2018-03-27 16:04:09.961 [main] INFO  o.s.t.c.support.AnnotationConfigContextLoaderUtils:	Could not detect default configuration classes for test class [com.ec.customer.CustomerApplicationTests]: CustomerApplicationTests does not declare any static, non-private, non-final, nested classes annotated with @Configuration.
2018-03-27 16:04:10.054 [main] INFO  o.s.b.t.context.SpringBootTestContextBootstrapper:	Found @SpringBootConfiguration com.ec.customer.CustomerApplication for test class com.ec.customer.CustomerApplicationTests
2018-03-27 16:04:10.066 [main] INFO  o.s.b.t.context.SpringBootTestContextBootstrapper:	Loaded default TestExecutionListener class names from location [META-INF/spring.factories]: [org.springframework.boot.test.mock.mockito.MockitoTestExecutionListener, org.springframework.boot.test.mock.mockito.ResetMocksTestExecutionListener, org.springframework.boot.test.autoconfigure.restdocs.RestDocsTestExecutionListener, org.springframework.boot.test.autoconfigure.web.client.MockRestServiceServerResetTestExecutionListener, org.springframework.boot.test.autoconfigure.web.servlet.MockMvcPrintOnlyOnFailureTestExecutionListener, org.springframework.boot.test.autoconfigure.web.servlet.WebDriverTestExecutionListener, org.springframework.test.context.web.ServletTestExecutionListener, org.springframework.test.context.support.DirtiesContextBeforeModesTestExecutionListener, org.springframework.test.context.support.DependencyInjectionTestExecutionListener, org.springframework.test.context.support.DirtiesContextTestExecutionListener, org.springframework.test.context.transaction.TransactionalTestExecutionListener, org.springframework.test.context.jdbc.SqlScriptsTestExecutionListener]
2018-03-27 16:04:10.082 [main] INFO  o.s.b.t.context.SpringBootTestContextBootstrapper:	Using TestExecutionListeners: [org.springframework.test.context.web.ServletTestExecutionListener@1afd44cb, org.springframework.test.context.support.DirtiesContextBeforeModesTestExecutionListener@6973b51b, org.springframework.boot.test.autoconfigure.SpringBootDependencyInjectionTestExecutionListener@1ab3a8c8, org.springframework.test.context.support.DirtiesContextTestExecutionListener@43195e57, org.springframework.test.context.transaction.TransactionalTestExecutionListener@333291e3, org.springframework.test.context.jdbc.SqlScriptsTestExecutionListener@479d31f3, org.springframework.boot.test.autoconfigure.web.client.MockRestServiceServerResetTestExecutionListener@40ef3420, org.springframework.boot.test.autoconfigure.web.servlet.MockMvcPrintOnlyOnFailureTestExecutionListener@498d318c, org.springframework.boot.test.autoconfigure.web.servlet.WebDriverTestExecutionListener@6e171cd7, org.springframework.boot.test.autoconfigure.restdocs.RestDocsTestExecutionListener@402bba4f, org.springframework.boot.test.mock.mockito.MockitoTestExecutionListener@795cd85e, org.springframework.boot.test.mock.mockito.ResetMocksTestExecutionListener@59fd97a8]
2018-03-27 16:04:10.089 [main] INFO  o.s.b.t.context.SpringBootTestContextBootstrapper:	Neither @ContextConfiguration nor @ContextHierarchy found for test class [com.ec.customer.CustomerApplicationTests], using SpringBootContextLoader
2018-03-27 16:04:10.089 [main] INFO  o.s.test.context.support.AbstractContextLoader:	Could not detect default resource locations for test class [com.ec.customer.CustomerApplicationTests]: no resource found for suffixes {-context.xml, Context.groovy}.
2018-03-27 16:04:10.090 [main] INFO  o.s.t.c.support.AnnotationConfigContextLoaderUtils:	Could not detect default configuration classes for test class [com.ec.customer.CustomerApplicationTests]: CustomerApplicationTests does not declare any static, non-private, non-final, nested classes annotated with @Configuration.
2018-03-27 16:04:10.098 [main] INFO  o.s.b.t.context.SpringBootTestContextBootstrapper:	Found @SpringBootConfiguration com.ec.customer.CustomerApplication for test class com.ec.customer.CustomerApplicationTests
2018-03-27 16:04:10.102 [main] INFO  o.s.b.t.context.SpringBootTestContextBootstrapper:	Loaded default TestExecutionListener class names from location [META-INF/spring.factories]: [org.springframework.boot.test.mock.mockito.MockitoTestExecutionListener, org.springframework.boot.test.mock.mockito.ResetMocksTestExecutionListener, org.springframework.boot.test.autoconfigure.restdocs.RestDocsTestExecutionListener, org.springframework.boot.test.autoconfigure.web.client.MockRestServiceServerResetTestExecutionListener, org.springframework.boot.test.autoconfigure.web.servlet.MockMvcPrintOnlyOnFailureTestExecutionListener, org.springframework.boot.test.autoconfigure.web.servlet.WebDriverTestExecutionListener, org.springframework.test.context.web.ServletTestExecutionListener, org.springframework.test.context.support.DirtiesContextBeforeModesTestExecutionListener, org.springframework.test.context.support.DependencyInjectionTestExecutionListener, org.springframework.test.context.support.DirtiesContextTestExecutionListener, org.springframework.test.context.transaction.TransactionalTestExecutionListener, org.springframework.test.context.jdbc.SqlScriptsTestExecutionListener]
2018-03-27 16:04:10.109 [main] INFO  o.s.b.t.context.SpringBootTestContextBootstrapper:	Using TestExecutionListeners: [org.springframework.test.context.web.ServletTestExecutionListener@36bc55de, org.springframework.test.context.support.DirtiesContextBeforeModesTestExecutionListener@564fabc8, org.springframework.boot.test.autoconfigure.SpringBootDependencyInjectionTestExecutionListener@16d04d3d, org.springframework.test.context.support.DirtiesContextTestExecutionListener@49ec71f8, org.springframework.test.context.transaction.TransactionalTestExecutionListener@1d2adfbe, org.springframework.test.context.jdbc.SqlScriptsTestExecutionListener@36902638, org.springframework.boot.test.autoconfigure.web.client.MockRestServiceServerResetTestExecutionListener@223d2c72, org.springframework.boot.test.autoconfigure.web.servlet.MockMvcPrintOnlyOnFailureTestExecutionListener@8f4ea7c, org.springframework.boot.test.autoconfigure.web.servlet.WebDriverTestExecutionListener@436813f3, org.springframework.boot.test.autoconfigure.restdocs.RestDocsTestExecutionListener@74fe5c40, org.springframework.boot.test.mock.mockito.MockitoTestExecutionListener@3febb011, org.springframework.boot.test.mock.mockito.ResetMocksTestExecutionListener@10e31a9a]
2018-03-27 16:04:10.394 [main] INFO  com.ec.customer.CustomerApplicationTests:	Starting CustomerApplicationTests on winall-PC with PID 6164 (started by winall in D:\MY\customer)
2018-03-27 16:04:10.394 [main] INFO  com.ec.customer.CustomerApplicationTests:	No active profile set, falling back to default profiles: default
2018-03-27 16:04:12.135 [main] INFO  com.ec.customer.controller.OrderController:	Initializing Thread:orders-insert-task,Priority:5
2018-03-27 16:04:12.136 [orders-insert-task] INFO  com.ec.customer.controller.OrderController:	Check orders:0
2018-03-27 16:04:12.800 [main] INFO  com.ec.customer.CustomerApplicationTests:	Started CustomerApplicationTests in 2.622 seconds (JVM running for 3.295)
2018-03-27 16:04:12.850 [Thread-8] INFO  com.ec.customer.controller.OrderController:	Destroy ExecutorService:orders-insert-task
